[2022-11-02 11:22:23] app.ERROR: Data from PrestaShop Addons is invalid, and cannot fallback on cache. [] []
[2022-11-02 11:22:23] app.INFO: Protect vendor folder in module blockwishlist [] []
[2022-11-02 11:22:23] app.INFO: Module blockwishlist has no vendor folder [] []
[2022-11-02 11:22:23] app.INFO: Protect vendor folder in module contactform [] []
[2022-11-02 11:22:23] app.INFO: Module contactform has no vendor folder [] []
[2022-11-02 11:22:24] app.INFO: Protect vendor folder in module dashactivity [] []
[2022-11-02 11:22:24] app.INFO: Module dashactivity has no vendor folder [] []
[2022-11-02 11:22:24] app.INFO: Protect vendor folder in module dashtrends [] []
[2022-11-02 11:22:24] app.INFO: Module dashtrends has no vendor folder [] []
[2022-11-02 11:22:24] app.INFO: Protect vendor folder in module dashgoals [] []
[2022-11-02 11:22:24] app.INFO: Module dashgoals has no vendor folder [] []
[2022-11-02 11:22:24] app.INFO: Protect vendor folder in module dashproducts [] []
[2022-11-02 11:22:24] app.INFO: Module dashproducts has no vendor folder [] []
[2022-11-02 11:22:24] app.INFO: Protect vendor folder in module graphnvd3 [] []
[2022-11-02 11:22:24] app.INFO: Module graphnvd3 has no vendor folder [] []
[2022-11-02 11:22:24] app.INFO: Protect vendor folder in module gridhtml [] []
[2022-11-02 11:22:24] app.INFO: Module gridhtml has no vendor folder [] []
[2022-11-02 11:22:25] app.INFO: Protect vendor folder in module gsitemap [] []
[2022-11-02 11:22:25] app.INFO: Module gsitemap has no vendor folder [] []
[2022-11-02 11:22:25] app.INFO: Protect vendor folder in module pagesnotfound [] []
[2022-11-02 11:22:25] app.INFO: Module pagesnotfound has no vendor folder [] []
[2022-11-02 11:22:25] app.INFO: Protect vendor folder in module productcomments [] []
[2022-11-02 11:22:25] app.INFO: Module productcomments has no vendor folder [] []
[2022-11-02 11:22:25] app.INFO: Protect vendor folder in module ps_banner [] []
[2022-11-02 11:22:25] app.INFO: Module ps_banner has no vendor folder [] []
[2022-11-02 11:22:25] app.INFO: Protect vendor folder in module ps_categorytree [] []
[2022-11-02 11:22:25] app.INFO: Module ps_categorytree has no vendor folder [] []
[2022-11-02 11:22:25] app.INFO: Protect vendor folder in module ps_checkpayment [] []
[2022-11-02 11:22:25] app.INFO: Module ps_checkpayment has no vendor folder [] []
[2022-11-02 11:22:25] app.INFO: Protect vendor folder in module ps_contactinfo [] []
[2022-11-02 11:22:25] app.INFO: Module ps_contactinfo has no vendor folder [] []
[2022-11-02 11:22:25] app.INFO: Protect vendor folder in module ps_crossselling [] []
[2022-11-02 11:22:25] app.INFO: Module ps_crossselling has no vendor folder [] []
[2022-11-02 11:22:25] app.INFO: Protect vendor folder in module ps_currencyselector [] []
[2022-11-02 11:22:25] app.INFO: Module ps_currencyselector has no vendor folder [] []
[2022-11-02 11:22:25] app.INFO: Protect vendor folder in module ps_customeraccountlinks [] []
[2022-11-02 11:22:25] app.INFO: Module ps_customeraccountlinks has no vendor folder [] []
[2022-11-02 11:22:25] app.INFO: Protect vendor folder in module ps_customersignin [] []
[2022-11-02 11:22:25] app.INFO: Module ps_customersignin has no vendor folder [] []
[2022-11-02 11:22:26] app.INFO: Protect vendor folder in module ps_customtext [] []
[2022-11-02 11:22:26] app.INFO: Module ps_customtext has no vendor folder [] []
[2022-11-02 11:22:26] app.INFO: Protect vendor folder in module ps_dataprivacy [] []
[2022-11-02 11:22:26] app.INFO: Module ps_dataprivacy has no vendor folder [] []
[2022-11-02 11:22:26] app.INFO: Protect vendor folder in module ps_emailsubscription [] []
[2022-11-02 11:22:26] app.INFO: Module ps_emailsubscription has no vendor folder [] []
[2022-11-02 11:22:27] app.INFO: Protect vendor folder in module ps_facetedsearch [] []
[2022-11-02 11:22:27] app.INFO: Module ps_facetedsearch has no vendor folder [] []
[2022-11-02 11:22:27] app.INFO: Protect vendor folder in module ps_faviconnotificationbo [] []
[2022-11-02 11:22:27] app.INFO: Module ps_faviconnotificationbo has no vendor folder [] []
[2022-11-02 11:22:27] app.INFO: Protect vendor folder in module ps_featuredproducts [] []
[2022-11-02 11:22:27] app.INFO: Module ps_featuredproducts has no vendor folder [] []
[2022-11-02 11:22:27] app.INFO: Protect vendor folder in module ps_imageslider [] []
[2022-11-02 11:22:27] app.INFO: Module ps_imageslider has no vendor folder [] []
[2022-11-02 11:22:27] app.INFO: Protect vendor folder in module ps_languageselector [] []
[2022-11-02 11:22:27] app.INFO: Module ps_languageselector has no vendor folder [] []
[2022-11-02 11:22:27] app.INFO: Protect vendor folder in module ps_linklist [] []
[2022-11-02 11:22:27] app.INFO: Module ps_linklist has no vendor folder [] []
[2022-11-02 11:22:28] app.INFO: Protect vendor folder in module ps_mainmenu [] []
[2022-11-02 11:22:28] app.INFO: Module ps_mainmenu has no vendor folder [] []
[2022-11-02 11:22:28] app.INFO: Protect vendor folder in module ps_searchbar [] []
[2022-11-02 11:22:28] app.INFO: Module ps_searchbar has no vendor folder [] []
[2022-11-02 11:22:28] app.INFO: Protect vendor folder in module ps_sharebuttons [] []
[2022-11-02 11:22:28] app.INFO: Module ps_sharebuttons has no vendor folder [] []
[2022-11-02 11:22:28] app.INFO: Protect vendor folder in module ps_shoppingcart [] []
[2022-11-02 11:22:28] app.INFO: Module ps_shoppingcart has no vendor folder [] []
[2022-11-02 11:22:28] app.INFO: Protect vendor folder in module ps_socialfollow [] []
[2022-11-02 11:22:28] app.INFO: Module ps_socialfollow has no vendor folder [] []
[2022-11-02 11:22:28] app.INFO: Protect vendor folder in module ps_themecusto [] []
[2022-11-02 11:22:28] app.INFO: Module ps_themecusto has no vendor folder [] []
[2022-11-02 11:22:28] app.INFO: Protect vendor folder in module ps_wirepayment [] []
[2022-11-02 11:22:28] app.INFO: Module ps_wirepayment has no vendor folder [] []
[2022-11-02 11:22:28] app.INFO: Protect vendor folder in module statsbestcategories [] []
[2022-11-02 11:22:28] app.INFO: Module statsbestcategories has no vendor folder [] []
[2022-11-02 11:22:29] app.INFO: Protect vendor folder in module statsbestcustomers [] []
[2022-11-02 11:22:29] app.INFO: Module statsbestcustomers has no vendor folder [] []
[2022-11-02 11:22:29] app.INFO: Protect vendor folder in module statsbestproducts [] []
[2022-11-02 11:22:29] app.INFO: Module statsbestproducts has no vendor folder [] []
[2022-11-02 11:22:29] app.INFO: Protect vendor folder in module statsbestsuppliers [] []
[2022-11-02 11:22:29] app.INFO: Module statsbestsuppliers has no vendor folder [] []
[2022-11-02 11:22:29] app.INFO: Protect vendor folder in module statsbestvouchers [] []
[2022-11-02 11:22:29] app.INFO: Module statsbestvouchers has no vendor folder [] []
[2022-11-02 11:22:29] app.INFO: Protect vendor folder in module statscarrier [] []
[2022-11-02 11:22:29] app.INFO: Module statscarrier has no vendor folder [] []
[2022-11-02 11:22:29] app.INFO: Protect vendor folder in module statscatalog [] []
[2022-11-02 11:22:29] app.INFO: Module statscatalog has no vendor folder [] []
[2022-11-02 11:22:29] app.INFO: Protect vendor folder in module statscheckup [] []
[2022-11-02 11:22:29] app.INFO: Module statscheckup has no vendor folder [] []
[2022-11-02 11:22:29] app.INFO: Protect vendor folder in module statsdata [] []
[2022-11-02 11:22:29] app.INFO: Module statsdata has no vendor folder [] []
[2022-11-02 11:22:29] app.INFO: Protect vendor folder in module statsforecast [] []
[2022-11-02 11:22:29] app.INFO: Module statsforecast has no vendor folder [] []
[2022-11-02 11:22:29] app.INFO: Protect vendor folder in module statsnewsletter [] []
[2022-11-02 11:22:29] app.INFO: Module statsnewsletter has no vendor folder [] []
[2022-11-02 11:22:29] app.INFO: Protect vendor folder in module statspersonalinfos [] []
[2022-11-02 11:22:29] app.INFO: Module statspersonalinfos has no vendor folder [] []
[2022-11-02 11:22:30] app.INFO: Protect vendor folder in module statsproduct [] []
[2022-11-02 11:22:30] app.INFO: Module statsproduct has no vendor folder [] []
[2022-11-02 11:22:30] app.INFO: Protect vendor folder in module statsregistrations [] []
[2022-11-02 11:22:30] app.INFO: Module statsregistrations has no vendor folder [] []
[2022-11-02 11:22:30] app.INFO: Protect vendor folder in module statssales [] []
[2022-11-02 11:22:30] app.INFO: Module statssales has no vendor folder [] []
[2022-11-02 11:22:30] app.INFO: Protect vendor folder in module statssearch [] []
[2022-11-02 11:22:30] app.INFO: Module statssearch has no vendor folder [] []
[2022-11-02 11:22:30] app.INFO: Protect vendor folder in module statsstock [] []
[2022-11-02 11:22:30] app.INFO: Module statsstock has no vendor folder [] []
[2022-11-02 11:22:30] app.INFO: Protect vendor folder in module welcome [] []
[2022-11-02 11:22:30] app.INFO: Module welcome has no vendor folder [] []
[2022-11-02 11:27:32] app.ERROR: Data from PrestaShop Addons is invalid, and cannot fallback on cache. [] []
[2022-11-02 11:27:33] app.INFO: Protect vendor folder in module gamification [] []
[2022-11-02 11:28:29] app.ERROR: Data from PrestaShop Addons is invalid, and cannot fallback on cache. [] []
[2022-11-02 11:28:29] app.INFO: Protect vendor folder in module blockreassurance [] []
[2022-11-02 11:28:29] app.INFO: Module blockreassurance has no vendor folder [] []
[2022-11-02 11:29:32] app.ERROR: Data from PrestaShop Addons is invalid, and cannot fallback on cache. [] []
[2022-11-02 11:29:33] app.INFO: Protect vendor folder in module ps_facetedsearch [] []
[2022-11-02 11:29:33] app.INFO: Module ps_facetedsearch has no vendor folder [] []
[2022-11-02 11:37:09] request.INFO: Matched route "admin_payment_methods". {"route":"admin_payment_methods","route_parameters":{"_controller":"PrestaShopBundle\\Controller\\Admin\\Improve\\Payment\\PaymentMethodsController::indexAction","_legacy_controller":"AdminPayment","_legacy_link":"AdminPayment","_route":"admin_payment_methods"},"request_uri":"http://localhost/kelmiss-prestashop/admin782inhb6f/index.php/improve/payment/payment_methods?_token=SNEX73Tuc6mhRcAuasMAQHrq5ZrLa9wAw_4wbl3ffHk","method":"GET"} []
[2022-11-02 11:37:09] security.DEBUG: Read existing security token from the session. {"key":"_security_main","token_class":"Symfony\\Component\\Security\\Core\\Authentication\\Token\\UsernamePasswordToken"} []
[2022-11-02 11:37:09] security.DEBUG: User was reloaded from a user provider. {"provider":"PrestaShopBundle\\Security\\Admin\\EmployeeProvider","username":"schynsg@hotmail.com"} []
[2022-11-02 11:37:14] app.ERROR: Data from PrestaShop Addons is invalid, and cannot fallback on cache. [] []
[2022-11-02 11:37:15] security.DEBUG: Stored the security token in the session. {"key":"_security_main"} []
[2022-11-02 11:37:26] request.INFO: Matched route "admin_module_configure_action". {"route":"admin_module_configure_action","route_parameters":{"_controller":"PrestaShopBundle\\Controller\\Admin\\Improve\\ModuleController::configureModuleAction","_legacy_controller":"AdminModules","module_name":"ps_wirepayment","_route":"admin_module_configure_action"},"request_uri":"http://localhost/kelmiss-prestashop/admin782inhb6f/index.php/improve/modules/manage/action/configure/ps_wirepayment?_token=SNEX73Tuc6mhRcAuasMAQHrq5ZrLa9wAw_4wbl3ffHk","method":"GET"} []
[2022-11-02 11:37:26] security.DEBUG: Read existing security token from the session. {"key":"_security_main","token_class":"Symfony\\Component\\Security\\Core\\Authentication\\Token\\UsernamePasswordToken"} []
[2022-11-02 11:37:26] security.DEBUG: User was reloaded from a user provider. {"provider":"PrestaShopBundle\\Security\\Admin\\EmployeeProvider","username":"schynsg@hotmail.com"} []
[2022-11-02 11:37:31] app.ERROR: Data from PrestaShop Addons is invalid, and cannot fallback on cache. [] []
[2022-11-02 11:37:33] security.DEBUG: Stored the security token in the session. {"key":"_security_main"} []
[2022-11-02 12:11:42] request.INFO: Matched route "admin_themes_index". {"route":"admin_themes_index","route_parameters":{"_controller":"PrestaShopBundle\\Controller\\Admin\\Improve\\Design\\ThemeController::indexAction","_legacy_controller":"AdminThemes","_legacy_link":"AdminThemes","_route":"admin_themes_index"},"request_uri":"http://localhost/kelmiss-prestashop/admin782inhb6f/index.php/improve/design/themes/?_token=SNEX73Tuc6mhRcAuasMAQHrq5ZrLa9wAw_4wbl3ffHk","method":"GET"} []
[2022-11-02 12:11:42] security.DEBUG: Read existing security token from the session. {"key":"_security_main","token_class":"Symfony\\Component\\Security\\Core\\Authentication\\Token\\UsernamePasswordToken"} []
[2022-11-02 12:11:42] security.DEBUG: User was reloaded from a user provider. {"provider":"PrestaShopBundle\\Security\\Admin\\EmployeeProvider","username":"schynsg@hotmail.com"} []
[2022-11-02 12:11:43] request.CRITICAL: Uncaught PHP Exception Symfony\Component\Yaml\Exception\ParseException: "File "C:\wamp64\www\kelmiss-prestashop/themes//claasic/config/theme.yml" does not exist." at C:\wamp64\www\kelmiss-prestashop\vendor\symfony\symfony\src\Symfony\Component\Yaml\Parser.php line 68 {"exception":"[object] (Symfony\\Component\\Yaml\\Exception\\ParseException(code: 0): File \"C:\\wamp64\\www\\kelmiss-prestashop/themes//claasic/config/theme.yml\" does not exist. at C:\\wamp64\\www\\kelmiss-prestashop\\vendor\\symfony\\symfony\\src\\Symfony\\Component\\Yaml\\Parser.php:68)"} []
[2022-11-02 12:11:43] security.DEBUG: Stored the security token in the session. {"key":"_security_main"} []
[2022-11-02 12:12:01] request.INFO: Matched route "admin_themes_index". {"route":"admin_themes_index","route_parameters":{"_controller":"PrestaShopBundle\\Controller\\Admin\\Improve\\Design\\ThemeController::indexAction","_legacy_controller":"AdminThemes","_legacy_link":"AdminThemes","_route":"admin_themes_index"},"request_uri":"http://localhost/kelmiss-prestashop/admin782inhb6f/index.php/improve/design/themes/?_token=SNEX73Tuc6mhRcAuasMAQHrq5ZrLa9wAw_4wbl3ffHk","method":"GET"} []
[2022-11-02 12:12:01] security.DEBUG: Read existing security token from the session. {"key":"_security_main","token_class":"Symfony\\Component\\Security\\Core\\Authentication\\Token\\UsernamePasswordToken"} []
[2022-11-02 12:12:01] security.DEBUG: User was reloaded from a user provider. {"provider":"PrestaShopBundle\\Security\\Admin\\EmployeeProvider","username":"schynsg@hotmail.com"} []
[2022-11-02 12:12:01] request.CRITICAL: Uncaught PHP Exception Symfony\Component\Yaml\Exception\ParseException: "File "C:\wamp64\www\kelmiss-prestashop/themes//claasic/config/theme.yml" does not exist." at C:\wamp64\www\kelmiss-prestashop\vendor\symfony\symfony\src\Symfony\Component\Yaml\Parser.php line 68 {"exception":"[object] (Symfony\\Component\\Yaml\\Exception\\ParseException(code: 0): File \"C:\\wamp64\\www\\kelmiss-prestashop/themes//claasic/config/theme.yml\" does not exist. at C:\\wamp64\\www\\kelmiss-prestashop\\vendor\\symfony\\symfony\\src\\Symfony\\Component\\Yaml\\Parser.php:68)"} []
[2022-11-02 12:12:01] security.DEBUG: Stored the security token in the session. {"key":"_security_main"} []
[2022-11-02 12:12:55] request.INFO: Matched route "admin_themes_index". {"route":"admin_themes_index","route_parameters":{"_controller":"PrestaShopBundle\\Controller\\Admin\\Improve\\Design\\ThemeController::indexAction","_legacy_controller":"AdminThemes","_legacy_link":"AdminThemes","_route":"admin_themes_index"},"request_uri":"http://localhost/kelmiss-prestashop/admin782inhb6f/index.php/improve/design/themes/?_token=SNEX73Tuc6mhRcAuasMAQHrq5ZrLa9wAw_4wbl3ffHk","method":"GET"} []
[2022-11-02 12:12:55] security.DEBUG: Read existing security token from the session. {"key":"_security_main","token_class":"Symfony\\Component\\Security\\Core\\Authentication\\Token\\UsernamePasswordToken"} []
[2022-11-02 12:12:55] security.DEBUG: User was reloaded from a user provider. {"provider":"PrestaShopBundle\\Security\\Admin\\EmployeeProvider","username":"schynsg@hotmail.com"} []
[2022-11-02 12:12:55] request.CRITICAL: Uncaught PHP Exception Symfony\Component\Yaml\Exception\ParseException: "File "C:\wamp64\www\kelmiss-prestashop/themes//claasic/config/theme.yml" does not exist." at C:\wamp64\www\kelmiss-prestashop\vendor\symfony\symfony\src\Symfony\Component\Yaml\Parser.php line 68 {"exception":"[object] (Symfony\\Component\\Yaml\\Exception\\ParseException(code: 0): File \"C:\\wamp64\\www\\kelmiss-prestashop/themes//claasic/config/theme.yml\" does not exist. at C:\\wamp64\\www\\kelmiss-prestashop\\vendor\\symfony\\symfony\\src\\Symfony\\Component\\Yaml\\Parser.php:68)"} []
[2022-11-02 12:12:55] security.DEBUG: Stored the security token in the session. {"key":"_security_main"} []
[2022-11-02 12:12:59] request.INFO: Matched route "admin_themes_index". {"route":"admin_themes_index","route_parameters":{"_controller":"PrestaShopBundle\\Controller\\Admin\\Improve\\Design\\ThemeController::indexAction","_legacy_controller":"AdminThemes","_legacy_link":"AdminThemes","_route":"admin_themes_index"},"request_uri":"http://localhost/kelmiss-prestashop/admin782inhb6f/index.php/improve/design/themes/?_token=SNEX73Tuc6mhRcAuasMAQHrq5ZrLa9wAw_4wbl3ffHk","method":"GET"} []
[2022-11-02 12:12:59] security.DEBUG: Read existing security token from the session. {"key":"_security_main","token_class":"Symfony\\Component\\Security\\Core\\Authentication\\Token\\UsernamePasswordToken"} []
[2022-11-02 12:12:59] security.DEBUG: User was reloaded from a user provider. {"provider":"PrestaShopBundle\\Security\\Admin\\EmployeeProvider","username":"schynsg@hotmail.com"} []
[2022-11-02 12:12:59] request.CRITICAL: Uncaught PHP Exception Symfony\Component\Yaml\Exception\ParseException: "File "C:\wamp64\www\kelmiss-prestashop/themes//claasic/config/theme.yml" does not exist." at C:\wamp64\www\kelmiss-prestashop\vendor\symfony\symfony\src\Symfony\Component\Yaml\Parser.php line 68 {"exception":"[object] (Symfony\\Component\\Yaml\\Exception\\ParseException(code: 0): File \"C:\\wamp64\\www\\kelmiss-prestashop/themes//claasic/config/theme.yml\" does not exist. at C:\\wamp64\\www\\kelmiss-prestashop\\vendor\\symfony\\symfony\\src\\Symfony\\Component\\Yaml\\Parser.php:68)"} []
[2022-11-02 12:13:00] security.DEBUG: Stored the security token in the session. {"key":"_security_main"} []
[2022-11-02 12:13:00] request.INFO: Matched route "admin_themes_index". {"route":"admin_themes_index","route_parameters":{"_controller":"PrestaShopBundle\\Controller\\Admin\\Improve\\Design\\ThemeController::indexAction","_legacy_controller":"AdminThemes","_legacy_link":"AdminThemes","_route":"admin_themes_index"},"request_uri":"http://localhost/kelmiss-prestashop/admin782inhb6f/index.php/improve/design/themes/?_token=SNEX73Tuc6mhRcAuasMAQHrq5ZrLa9wAw_4wbl3ffHk","method":"GET"} []
[2022-11-02 12:13:00] security.DEBUG: Read existing security token from the session. {"key":"_security_main","token_class":"Symfony\\Component\\Security\\Core\\Authentication\\Token\\UsernamePasswordToken"} []
[2022-11-02 12:13:00] security.DEBUG: User was reloaded from a user provider. {"provider":"PrestaShopBundle\\Security\\Admin\\EmployeeProvider","username":"schynsg@hotmail.com"} []
[2022-11-02 12:13:00] request.CRITICAL: Uncaught PHP Exception Symfony\Component\Yaml\Exception\ParseException: "File "C:\wamp64\www\kelmiss-prestashop/themes//claasic/config/theme.yml" does not exist." at C:\wamp64\www\kelmiss-prestashop\vendor\symfony\symfony\src\Symfony\Component\Yaml\Parser.php line 68 {"exception":"[object] (Symfony\\Component\\Yaml\\Exception\\ParseException(code: 0): File \"C:\\wamp64\\www\\kelmiss-prestashop/themes//claasic/config/theme.yml\" does not exist. at C:\\wamp64\\www\\kelmiss-prestashop\\vendor\\symfony\\symfony\\src\\Symfony\\Component\\Yaml\\Parser.php:68)"} []
[2022-11-02 12:13:00] security.DEBUG: Stored the security token in the session. {"key":"_security_main"} []
[2022-11-02 12:13:18] request.INFO: Matched route "admin_themes_index". {"route":"admin_themes_index","route_parameters":{"_controller":"PrestaShopBundle\\Controller\\Admin\\Improve\\Design\\ThemeController::indexAction","_legacy_controller":"AdminThemes","_legacy_link":"AdminThemes","_route":"admin_themes_index"},"request_uri":"http://localhost/kelmiss-prestashop/admin782inhb6f/index.php/improve/design/themes/?_token=SNEX73Tuc6mhRcAuasMAQHrq5ZrLa9wAw_4wbl3ffHk","method":"GET"} []
[2022-11-02 12:13:18] security.DEBUG: Read existing security token from the session. {"key":"_security_main","token_class":"Symfony\\Component\\Security\\Core\\Authentication\\Token\\UsernamePasswordToken"} []
[2022-11-02 12:13:18] security.DEBUG: User was reloaded from a user provider. {"provider":"PrestaShopBundle\\Security\\Admin\\EmployeeProvider","username":"schynsg@hotmail.com"} []
[2022-11-02 12:13:18] request.CRITICAL: Uncaught PHP Exception Symfony\Component\Yaml\Exception\ParseException: "File "C:\wamp64\www\kelmiss-prestashop/themes//claasic/config/theme.yml" does not exist." at C:\wamp64\www\kelmiss-prestashop\vendor\symfony\symfony\src\Symfony\Component\Yaml\Parser.php line 68 {"exception":"[object] (Symfony\\Component\\Yaml\\Exception\\ParseException(code: 0): File \"C:\\wamp64\\www\\kelmiss-prestashop/themes//claasic/config/theme.yml\" does not exist. at C:\\wamp64\\www\\kelmiss-prestashop\\vendor\\symfony\\symfony\\src\\Symfony\\Component\\Yaml\\Parser.php:68)"} []
[2022-11-02 12:13:18] security.DEBUG: Stored the security token in the session. {"key":"_security_main"} []
[2022-11-02 12:13:28] request.INFO: Matched route "admin_themes_index". {"route":"admin_themes_index","route_parameters":{"_controller":"PrestaShopBundle\\Controller\\Admin\\Improve\\Design\\ThemeController::indexAction","_legacy_controller":"AdminThemes","_legacy_link":"AdminThemes","_route":"admin_themes_index"},"request_uri":"http://localhost/kelmiss-prestashop/admin782inhb6f/index.php/improve/design/themes/?_token=SNEX73Tuc6mhRcAuasMAQHrq5ZrLa9wAw_4wbl3ffHk","method":"GET"} []
[2022-11-02 12:13:28] security.DEBUG: Read existing security token from the session. {"key":"_security_main","token_class":"Symfony\\Component\\Security\\Core\\Authentication\\Token\\UsernamePasswordToken"} []
[2022-11-02 12:13:28] security.DEBUG: User was reloaded from a user provider. {"provider":"PrestaShopBundle\\Security\\Admin\\EmployeeProvider","username":"schynsg@hotmail.com"} []
[2022-11-02 12:13:29] request.CRITICAL: Uncaught PHP Exception Symfony\Component\Yaml\Exception\ParseException: "File "C:\wamp64\www\kelmiss-prestashop/themes//claasic/config/theme.yml" does not exist." at C:\wamp64\www\kelmiss-prestashop\vendor\symfony\symfony\src\Symfony\Component\Yaml\Parser.php line 68 {"exception":"[object] (Symfony\\Component\\Yaml\\Exception\\ParseException(code: 0): File \"C:\\wamp64\\www\\kelmiss-prestashop/themes//claasic/config/theme.yml\" does not exist. at C:\\wamp64\\www\\kelmiss-prestashop\\vendor\\symfony\\symfony\\src\\Symfony\\Component\\Yaml\\Parser.php:68)"} []
[2022-11-02 12:13:29] security.DEBUG: Stored the security token in the session. {"key":"_security_main"} []
[2022-11-02 12:13:58] request.INFO: Matched route "admin_themes_index". {"route":"admin_themes_index","route_parameters":{"_controller":"PrestaShopBundle\\Controller\\Admin\\Improve\\Design\\ThemeController::indexAction","_legacy_controller":"AdminThemes","_legacy_link":"AdminThemes","_route":"admin_themes_index"},"request_uri":"http://localhost/kelmiss-prestashop/admin782inhb6f/index.php/improve/design/themes/?_token=SNEX73Tuc6mhRcAuasMAQHrq5ZrLa9wAw_4wbl3ffHk","method":"GET"} []
[2022-11-02 12:13:58] security.DEBUG: Read existing security token from the session. {"key":"_security_main","token_class":"Symfony\\Component\\Security\\Core\\Authentication\\Token\\UsernamePasswordToken"} []
[2022-11-02 12:13:58] security.DEBUG: User was reloaded from a user provider. {"provider":"PrestaShopBundle\\Security\\Admin\\EmployeeProvider","username":"schynsg@hotmail.com"} []
[2022-11-02 12:13:58] request.CRITICAL: Uncaught PHP Exception Symfony\Component\Yaml\Exception\ParseException: "File "C:\wamp64\www\kelmiss-prestashop/themes//claasic/config/theme.yml" does not exist." at C:\wamp64\www\kelmiss-prestashop\vendor\symfony\symfony\src\Symfony\Component\Yaml\Parser.php line 68 {"exception":"[object] (Symfony\\Component\\Yaml\\Exception\\ParseException(code: 0): File \"C:\\wamp64\\www\\kelmiss-prestashop/themes//claasic/config/theme.yml\" does not exist. at C:\\wamp64\\www\\kelmiss-prestashop\\vendor\\symfony\\symfony\\src\\Symfony\\Component\\Yaml\\Parser.php:68)"} []
[2022-11-02 12:13:58] security.DEBUG: Stored the security token in the session. {"key":"_security_main"} []
[2022-11-02 12:14:55] request.INFO: Matched route "admin_themes_index". {"route":"admin_themes_index","route_parameters":{"_controller":"PrestaShopBundle\\Controller\\Admin\\Improve\\Design\\ThemeController::indexAction","_legacy_controller":"AdminThemes","_legacy_link":"AdminThemes","_route":"admin_themes_index"},"request_uri":"http://localhost/kelmiss-prestashop/admin782inhb6f/index.php/improve/design/themes/?_token=SNEX73Tuc6mhRcAuasMAQHrq5ZrLa9wAw_4wbl3ffHk","method":"GET"} []
[2022-11-02 12:14:55] security.DEBUG: Read existing security token from the session. {"key":"_security_main","token_class":"Symfony\\Component\\Security\\Core\\Authentication\\Token\\UsernamePasswordToken"} []
[2022-11-02 12:14:55] security.DEBUG: User was reloaded from a user provider. {"provider":"PrestaShopBundle\\Security\\Admin\\EmployeeProvider","username":"schynsg@hotmail.com"} []
[2022-11-02 12:14:55] request.CRITICAL: Uncaught PHP Exception Symfony\Component\Yaml\Exception\ParseException: "File "C:\wamp64\www\kelmiss-prestashop/themes//claasic/config/theme.yml" does not exist." at C:\wamp64\www\kelmiss-prestashop\vendor\symfony\symfony\src\Symfony\Component\Yaml\Parser.php line 68 {"exception":"[object] (Symfony\\Component\\Yaml\\Exception\\ParseException(code: 0): File \"C:\\wamp64\\www\\kelmiss-prestashop/themes//claasic/config/theme.yml\" does not exist. at C:\\wamp64\\www\\kelmiss-prestashop\\vendor\\symfony\\symfony\\src\\Symfony\\Component\\Yaml\\Parser.php:68)"} []
[2022-11-02 12:14:55] security.DEBUG: Stored the security token in the session. {"key":"_security_main"} []
[2022-11-02 12:18:11] request.INFO: Matched route "admin_themes_index". {"route":"admin_themes_index","route_parameters":{"_controller":"PrestaShopBundle\\Controller\\Admin\\Improve\\Design\\ThemeController::indexAction","_legacy_controller":"AdminThemes","_legacy_link":"AdminThemes","_route":"admin_themes_index"},"request_uri":"http://localhost/kelmiss-prestashop/admin782inhb6f/index.php/improve/design/themes/?_token=SNEX73Tuc6mhRcAuasMAQHrq5ZrLa9wAw_4wbl3ffHk","method":"GET"} []
[2022-11-02 12:18:11] security.DEBUG: Read existing security token from the session. {"key":"_security_main","token_class":"Symfony\\Component\\Security\\Core\\Authentication\\Token\\UsernamePasswordToken"} []
[2022-11-02 12:18:11] security.DEBUG: User was reloaded from a user provider. {"provider":"PrestaShopBundle\\Security\\Admin\\EmployeeProvider","username":"schynsg@hotmail.com"} []
[2022-11-02 12:18:12] request.CRITICAL: Uncaught PHP Exception Symfony\Component\Yaml\Exception\ParseException: "File "C:\wamp64\www\kelmiss-prestashop/themes//claasic/config/theme.yml" does not exist." at C:\wamp64\www\kelmiss-prestashop\vendor\symfony\symfony\src\Symfony\Component\Yaml\Parser.php line 68 {"exception":"[object] (Symfony\\Component\\Yaml\\Exception\\ParseException(code: 0): File \"C:\\wamp64\\www\\kelmiss-prestashop/themes//claasic/config/theme.yml\" does not exist. at C:\\wamp64\\www\\kelmiss-prestashop\\vendor\\symfony\\symfony\\src\\Symfony\\Component\\Yaml\\Parser.php:68)"} []
[2022-11-02 12:18:12] security.DEBUG: Stored the security token in the session. {"key":"_security_main"} []
[2022-11-02 12:18:48] request.INFO: Matched route "admin_themes_index". {"route":"admin_themes_index","route_parameters":{"_controller":"PrestaShopBundle\\Controller\\Admin\\Improve\\Design\\ThemeController::indexAction","_legacy_controller":"AdminThemes","_legacy_link":"AdminThemes","_route":"admin_themes_index"},"request_uri":"http://localhost/kelmiss-prestashop/admin782inhb6f/index.php/improve/design/themes/?_token=Y4vslWnE5hFmvp82sNxa7wrFTVVuPKHn0AxpG3PUlJ4","method":"GET"} []
[2022-11-02 12:18:48] security.DEBUG: Read existing security token from the session. {"key":"_security_main","token_class":"Symfony\\Component\\Security\\Core\\Authentication\\Token\\UsernamePasswordToken"} []
[2022-11-02 12:18:48] security.DEBUG: User was reloaded from a user provider. {"provider":"PrestaShopBundle\\Security\\Admin\\EmployeeProvider","username":"schynsg@hotmail.com"} []
[2022-11-02 12:18:48] request.CRITICAL: Uncaught PHP Exception Symfony\Component\Yaml\Exception\ParseException: "File "C:\wamp64\www\kelmiss-prestashop/themes//claasic/config/theme.yml" does not exist." at C:\wamp64\www\kelmiss-prestashop\vendor\symfony\symfony\src\Symfony\Component\Yaml\Parser.php line 68 {"exception":"[object] (Symfony\\Component\\Yaml\\Exception\\ParseException(code: 0): File \"C:\\wamp64\\www\\kelmiss-prestashop/themes//claasic/config/theme.yml\" does not exist. at C:\\wamp64\\www\\kelmiss-prestashop\\vendor\\symfony\\symfony\\src\\Symfony\\Component\\Yaml\\Parser.php:68)"} []
[2022-11-02 12:18:48] security.DEBUG: Stored the security token in the session. {"key":"_security_main"} []
